<?xml version="1.0" encoding="UTF-8"?>
<!-- Generated by org.testng.reporters.JUnitReportReporter -->
<testsuite hostname="DESKTOP-PPF45DV" failures="0" tests="3" name="com.htc.seleniumacademy.test.RegistrationPageTest" time="0.000" errors="0" timestamp="2021-02-25T10:53:06 IST" skipped="3">
  <testcase classname="com.htc.seleniumacademy.test.RegistrationPageTest" name="testBrowserStackSignin_InValidloginCredential_ShouldErrorInSigninPage" time="0.000">
    <skipped/>
  </testcase> <!-- testBrowserStackSignin_InValidloginCredential_ShouldErrorInSigninPage -->
  <system-out/>
  <testcase classname="com.htc.seleniumacademy.test.RegistrationPageTest" name="testLoginPage_enterCredantials_shouldLoginSuccessful">
    <skipped/>
  </testcase> <!-- testLoginPage_enterCredantials_shouldLoginSuccessful -->
  <system-out/>
  <testcase classname="com.htc.seleniumacademy.test.RegistrationPageTest" name="testCreateAccount_fillDetails_ShouldCreateNewAccountsuccessfully">
    <skipped/>
  </testcase> <!-- testCreateAccount_fillDetails_ShouldCreateNewAccountsuccessfully -->
  <system-out/>
</testsuite> <!-- com.htc.seleniumacademy.test.RegistrationPageTest -->
